0 info it worked if it ends with ok
1 verbose cli [ '/home/beenie/.nvm/versions/node/v7.4.0/bin/node',
1 verbose cli   '/home/beenie/.nvm/versions/node/v7.4.0/bin/npm',
1 verbose cli   'run',
1 verbose cli   'dev' ]
2 info using npm@4.0.5
3 info using node@v7.4.0
4 verbose run-script [ 'predev', 'dev', 'postdev' ]
5 info lifecycle StdApp@1.0.0~predev: StdApp@1.0.0
6 silly lifecycle StdApp@1.0.0~predev: no script for predev, continuing
7 info lifecycle StdApp@1.0.0~dev: StdApp@1.0.0
8 verbose lifecycle StdApp@1.0.0~dev: unsafe-perm in lifecycle true
9 verbose lifecycle StdApp@1.0.0~dev: PATH: /home/beenie/.nvm/versions/node/v7.4.0/lib/node_modules/npm/bin/node-gyp-bin:/home/beenie/Documents/beenieman/Dev/Simplon/Student-Connect/node_modules/.bin:/home/beenie/.nvm/versions/node/v7.4.0/bin:/usr/local/sbin:/usr/local/bin:/usr/sbin:/usr/bin:/sbin:/bin:/usr/games:/usr/local/games:/snap/bin
10 verbose lifecycle StdApp@1.0.0~dev: CWD: /home/beenie/Documents/beenieman/Dev/Simplon/Student-Connect
11 silly lifecycle StdApp@1.0.0~dev: Args: [ '-c',
11 silly lifecycle   'webpack-dev-server --content-base src --inline --hot --history-api-fallback' ]
12 silly lifecycle StdApp@1.0.0~dev: Returned: code: 1  signal: null
13 info lifecycle StdApp@1.0.0~dev: Failed to exec dev script
14 verbose stack Error: StdApp@1.0.0 dev: `webpack-dev-server --content-base src --inline --hot --history-api-fallback`
14 verbose stack Exit status 1
14 verbose stack     at EventEmitter.<anonymous> (/home/beenie/.nvm/versions/node/v7.4.0/lib/node_modules/npm/lib/utils/lifecycle.js:279:16)
14 verbose stack     at emitTwo (events.js:106:13)
14 verbose stack     at EventEmitter.emit (events.js:191:7)
14 verbose stack     at ChildProcess.<anonymous> (/home/beenie/.nvm/versions/node/v7.4.0/lib/node_modules/npm/lib/utils/spawn.js:40:14)
14 verbose stack     at emitTwo (events.js:106:13)
14 verbose stack     at ChildProcess.emit (events.js:191:7)
14 verbose stack     at maybeClose (internal/child_process.js:885:16)
14 verbose stack     at Process.ChildProcess._handle.onexit (internal/child_process.js:226:5)
15 verbose pkgid StdApp@1.0.0
16 verbose cwd /home/beenie/Documents/beenieman/Dev/Simplon/Student-Connect
17 error Linux 4.4.0-62-generic
18 error argv "/home/beenie/.nvm/versions/node/v7.4.0/bin/node" "/home/beenie/.nvm/versions/node/v7.4.0/bin/npm" "run" "dev"
19 error node v7.4.0
20 error npm  v4.0.5
21 error code ELIFECYCLE
22 error StdApp@1.0.0 dev: `webpack-dev-server --content-base src --inline --hot --history-api-fallback`
22 error Exit status 1
23 error Failed at the StdApp@1.0.0 dev script 'webpack-dev-server --content-base src --inline --hot --history-api-fallback'.
23 error Make sure you have the latest version of node.js and npm installed.
23 error If you do, this is most likely a problem with the StdApp package,
23 error not with npm itself.
23 error Tell the author that this fails on your system:
23 error     webpack-dev-server --content-base src --inline --hot --history-api-fallback
23 error You can get information on how to open an issue for this project with:
23 error     npm bugs StdApp
23 error Or if that isn't available, you can get their info via:
23 error     npm owner ls StdApp
23 error There is likely additional logging output above.
24 verbose exit [ 1, true ]
